<?xml version="1.0" encoding="UTF-8"?>
<robot generator="Robot 7.4.2 (Python 3.11.9 on win32)" generated="2026-09-17T19:01:01.591510" rpa="false" schemaversion="5">
<suite id="s1" name="TPSuite" source="C:\Users\gjcsh\Desktop\studySele\tests\TPSuite.robot">
<test id="s1-t1" name="Open site" line="13">
<kw name="Open Portfolio" owner="CustomKeywords" type="SETUP">
<arg>${URL}</arg>
<doc>Navigates to the given URL using the shared driver.</doc>
<status status="PASS" start="2026-09-17T19:01:01.845027" elapsed="2.702453"/>
</kw>
<kw name="Redirect" owner="CustomKeywords">
<doc>just go to sign page</doc>
<status status="PASS" start="2026-09-17T19:01:04.547480" elapsed="1.200197"/>
</kw>
<kw name="Close Browser" owner="CustomKeywords" type="TEARDOWN">
<doc>Close the driver browser</doc>
<status status="PASS" start="2026-09-17T19:01:05.747677" elapsed="2.138334"/>
</kw>
<status status="PASS" start="2026-09-17T19:01:01.844027" elapsed="6.041984"/>
</test>
<status status="PASS" start="2026-09-17T19:01:01.599030" elapsed="6.286981"/>
</suite>
<statistics>
<total>
<stat pass="1" fail="0" skip="0">All Tests</stat>
</total>
<tag>
</tag>
<suite>
<stat name="TPSuite" id="s1" pass="1" fail="0" skip="0">TPSuite</stat>
</suite>
</statistics>
<errors>
</errors>
</robot>
